2025-09-19 01:37:46,084 - INFO - 所有依赖包已安装
2025-09-19 01:37:46,085 - INFO - ===== 处理查询 1/10 =====
2025-09-19 01:37:46,092 - INFO - 处理查询: '查找关于人工智能的文档'
2025-09-19 01:37:46,096 - INFO - 检索完成，原始结果数: 3, 去重后结果数: 3
2025-09-19 01:37:46,097 - INFO - 查询结果 (3条): ['人工智能是计算机科学的一个分支，研究如何使机器能够模拟人类智能行为。', 'AI技术正在各个领域得到广泛应用，包括医疗、金融和自动驾驶等。', '机器学习是实现人工智能的重要方法之一。']
2025-09-19 01:37:46,101 - INFO - ===== 处理查询 2/10 =====
2025-09-19 01:37:46,102 - INFO - 处理查询: '我想了解人工智能的相关内容'
2025-09-19 01:37:46,105 - INFO - 检索完成，原始结果数: 3, 去重后结果数: 0
2025-09-19 01:37:46,106 - INFO - 查询结果 (0条): []
2025-09-19 01:37:46,107 - INFO - ===== 处理查询 3/10 =====
2025-09-19 01:37:46,108 - INFO - 处理查询: '查询AI技术的资料'
2025-09-19 01:37:46,109 - INFO - 检索完成，原始结果数: 1, 去重后结果数: 1
2025-09-19 01:37:46,110 - INFO - 查询结果 (1条): ['抱歉，没有找到相关文档。']
2025-09-19 01:37:46,110 - INFO - ===== 处理查询 4/10 =====
2025-09-19 01:37:46,111 - INFO - 处理查询: '人工智嫩的应用场景有哪些？'
2025-09-19 01:37:46,111 - INFO - 纠正拼写错误: '人工智嫩' -> '人工智能'
2025-09-19 01:37:46,111 - INFO - 查询重写: '人工智嫩的应用场景有哪些？' -> '人工智能的应用场景有哪些？'
2025-09-19 01:37:46,113 - INFO - 检索完成，原始结果数: 3, 去重后结果数: 0
2025-09-19 01:37:46,114 - INFO - 查询结果 (0条): []
2025-09-19 01:37:46,115 - INFO - ===== 处理查询 5/10 =====
2025-09-19 01:37:46,115 - INFO - 处理查询: '机器学习和深度学习的区别是什么？'
2025-09-19 01:37:46,116 - INFO - 基于编辑距纠正: '机器学习' -> '机器学习'
2025-09-19 01:37:46,120 - INFO - 检索完成，原始结果数: 3, 去重后结果数: 3
2025-09-19 01:37:46,120 - INFO - 查询结果 (3条): ['机器学习是人工智能的一个子集，专注于开发能从数据中学习的算法。', '监督学习、无监督学习和强化学习是机器学习的主要范式。', '深度学习是机器学习的一个分支，基于人工神经网络。']
2025-09-19 01:37:46,121 - INFO - ===== 处理查询 6/10 =====
2025-09-19 01:37:46,121 - INFO - 处理查询: '什么是自然语言处理？'
2025-09-19 01:37:46,125 - INFO - 检索完成，原始结果数: 3, 去重后结果数: 3
2025-09-19 01:37:46,125 - INFO - 查询结果 (3条): ['自然语言处理是人工智能的一个分支，研究计算机如何理解和处理人类语言。', 'NLP技术包括文本分类、情感分析和机器翻译等。', '预训练语言模型如BERT和GPT在自然语言处理领域取得了突破性进展。']
2025-09-19 01:37:46,126 - INFO - ===== 处理查询 7/10 =====
2025-09-19 01:37:46,129 - INFO - 处理查询: 'NLP技术在哪些领域有应用？'
2025-09-19 01:37:46,130 - INFO - 检索完成，原始结果数: 1, 去重后结果数: 0
2025-09-19 01:37:46,132 - INFO - 查询结果 (0条): []
2025-09-19 01:37:46,133 - INFO - ===== 处理查询 8/10 =====
2025-09-19 01:37:46,135 - INFO - 处理查询: '机器学系的主要方法有哪些？'
2025-09-19 01:37:46,136 - INFO - 纠正拼写错误: '机器学系' -> '机器学习'
2025-09-19 01:37:46,136 - INFO - 基于编辑距纠正: '机器学习' -> '机器学习'
2025-09-19 01:37:46,136 - INFO - 查询重写: '机器学系的主要方法有哪些？' -> '机器学习的主要方法有哪些？'
2025-09-19 01:37:46,139 - INFO - 检索完成，原始结果数: 3, 去重后结果数: 0
2025-09-19 01:37:46,139 - INFO - 查询结果 (0条): []
2025-09-19 01:37:46,140 - INFO - ===== 处理查询 9/10 =====
2025-09-19 01:37:46,140 - INFO - 处理查询: '查找深度学习相关文档'
2025-09-19 01:37:46,141 - INFO - 检索完成，原始结果数: 1, 去重后结果数: 0
2025-09-19 01:37:46,141 - INFO - 查询结果 (0条): []
2025-09-19 01:37:46,141 - INFO - ===== 处理查询 10/10 =====
2025-09-19 01:37:46,142 - INFO - 处理查询: '人工智能和机器学习的关系是什么？'
2025-09-19 01:37:46,142 - INFO - 基于编辑距纠正: '机器学习' -> '机器学习'
2025-09-19 01:37:46,149 - INFO - 检索完成，原始结果数: 6, 去重后结果数: 0
2025-09-19 01:37:46,149 - INFO - 查询结果 (0条): []
2025-09-19 01:37:46,154 - INFO - 结果文件已生成：rewrite_cache_dedup_stats.json
2025-09-19 01:37:46,155 - INFO - 程序执行完成
