2025-09-16 17:46:12,429 - app.main - INFO - 简化版RAGPipeline已初始化
2025-09-16 17:46:12,433 - app.main - INFO - RAG Demo System starting up
2025-09-16 17:46:12,435 - app.main - INFO - All components initialized
2025-09-16 20:40:15,512 - app.main - INFO - 简化版RAGPipeline已初始化
2025-09-16 20:40:15,518 - app.main - INFO - RAG Demo System starting up
2025-09-16 20:40:15,520 - app.main - INFO - All components initialized
2025-09-16 20:40:41,610 - app.main - INFO - Request started
2025-09-16 20:40:41,612 - app.main - INFO - Request completed
2025-09-16 21:06:34,430 - app.main - INFO - RAG Demo System shutting down
2025-09-16 21:06:36,267 - app.main - INFO - 简化版RAGPipeline已初始化
2025-09-16 21:06:36,271 - app.main - INFO - RAG Demo System starting up
2025-09-16 21:06:36,273 - app.main - INFO - All components initialized
2025-09-16 21:07:27,205 - app.main - INFO - RAG Demo System shutting down
2025-09-16 21:07:29,073 - app.main - INFO - 简化版RAGPipeline已初始化
2025-09-16 21:07:29,076 - app.main - INFO - RAG Demo System starting up
2025-09-16 21:07:29,078 - app.main - INFO - All components initialized
2025-09-16 21:16:24,449 - app.main - INFO - RAG Demo System shutting down
2025-09-16 21:16:27,348 - app.main - INFO - 简化版RAGPipeline已初始化
2025-09-16 21:16:27,351 - app.main - INFO - RAG Demo System starting up
2025-09-16 21:16:27,353 - app.main - INFO - All components initialized
2025-09-16 21:18:22,494 - app.main - INFO - RAG Demo System shutting down
2025-09-16 21:18:24,145 - app.main - INFO - 简化版RAGPipeline已初始化
2025-09-16 21:18:24,150 - app.main - INFO - RAG Demo System starting up
2025-09-16 21:18:24,152 - app.main - INFO - All components initialized
2025-09-16 21:18:24,268 - app.main - INFO - RAG Demo System shutting down
2025-09-16 21:18:25,888 - app.main - INFO - 简化版RAGPipeline已初始化
2025-09-16 21:18:25,892 - app.main - INFO - RAG Demo System starting up
2025-09-16 21:18:25,894 - app.main - INFO - All components initialized
2025-09-16 21:20:25,584 - app.main - INFO - RAG Demo System shutting down
2025-09-16 21:20:27,173 - app.main - INFO - 简化版RAGPipeline已初始化
2025-09-16 21:20:27,177 - app.main - INFO - RAG Demo System starting up
2025-09-16 21:20:27,179 - app.main - INFO - All components initialized
2025-09-16 21:20:27,299 - app.main - INFO - RAG Demo System shutting down
2025-09-16 21:20:28,650 - app.main - INFO - 简化版RAGPipeline已初始化
2025-09-16 21:20:28,654 - app.main - INFO - RAG Demo System starting up
2025-09-16 21:20:28,658 - app.main - INFO - All components initialized
2025-09-17 00:22:24,189 - app.main - INFO - RAG Demo System shutting down
